<?xml version="1.0" encoding="UTF-8"?>
<testsuite xmlns:xsi="http://www.w3.org/2001/XMLSchema-instance" xsi:noNamespaceSchemaLocation="https://maven.apache.org/surefire/maven-surefire-plugin/xsd/surefire-test-report.xsd" name="com.mycompany.app.AppTest" time="0.225" tests="1" errors="0" skipped="0" failures="0">
  <properties>
    <property name="sun.desktop" value="gnome"/>
    <property name="awt.toolkit" value="sun.awt.X11.XToolkit"/>
    <property name="java.specification.version" value="11"/>
    <property name="sun.cpu.isalist" value=""/>
    <property name="sun.jnu.encoding" value="UTF-8"/>
    <property name="java.class.path" value="/home/busra/Masaüstü/Transmux_2/my-app/target/test-classes:/home/busra/Masaüstü/Transmux_2/my-app/target/classes:/home/busra/.m2/repository/org/bytedeco/ffmpeg-platform/4.3.1-1.5.4/ffmpeg-platform-4.3.1-1.5.4.jar:/home/busra/.m2/repository/org/bytedeco/javacpp-platform/1.5.4/javacpp-platform-1.5.4.jar:/home/busra/.m2/repository/org/bytedeco/javacpp/1.5.4/javacpp-1.5.4.jar:/home/busra/.m2/repository/org/bytedeco/javacpp/1.5.4/javacpp-1.5.4-android-arm.jar:/home/busra/.m2/repository/org/bytedeco/javacpp/1.5.4/javacpp-1.5.4-android-arm64.jar:/home/busra/.m2/repository/org/bytedeco/javacpp/1.5.4/javacpp-1.5.4-android-x86.jar:/home/busra/.m2/repository/org/bytedeco/javacpp/1.5.4/javacpp-1.5.4-android-x86_64.jar:/home/busra/.m2/repository/org/bytedeco/javacpp/1.5.4/javacpp-1.5.4-ios-arm64.jar:/home/busra/.m2/repository/org/bytedeco/javacpp/1.5.4/javacpp-1.5.4-ios-x86_64.jar:/home/busra/.m2/repository/org/bytedeco/javacpp/1.5.4/javacpp-1.5.4-linux-armhf.jar:/home/busra/.m2/repository/org/bytedeco/javacpp/1.5.4/javacpp-1.5.4-linux-arm64.jar:/home/busra/.m2/repository/org/bytedeco/javacpp/1.5.4/javacpp-1.5.4-linux-ppc64le.jar:/home/busra/.m2/repository/org/bytedeco/javacpp/1.5.4/javacpp-1.5.4-linux-x86.jar:/home/busra/.m2/repository/org/bytedeco/javacpp/1.5.4/javacpp-1.5.4-linux-x86_64.jar:/home/busra/.m2/repository/org/bytedeco/javacpp/1.5.4/javacpp-1.5.4-macosx-x86_64.jar:/home/busra/.m2/repository/org/bytedeco/javacpp/1.5.4/javacpp-1.5.4-windows-x86.jar:/home/busra/.m2/repository/org/bytedeco/javacpp/1.5.4/javacpp-1.5.4-windows-x86_64.jar:/home/busra/.m2/repository/org/bytedeco/ffmpeg/4.3.1-1.5.4/ffmpeg-4.3.1-1.5.4.jar:/home/busra/.m2/repository/org/bytedeco/ffmpeg/4.3.1-1.5.4/ffmpeg-4.3.1-1.5.4-android-arm.jar:/home/busra/.m2/repository/org/bytedeco/ffmpeg/4.3.1-1.5.4/ffmpeg-4.3.1-1.5.4-android-arm64.jar:/home/busra/.m2/repository/org/bytedeco/ffmpeg/4.3.1-1.5.4/ffmpeg-4.3.1-1.5.4-android-x86.jar:/home/busra/.m2/repository/org/bytedeco/ffmpeg/4.3.1-1.5.4/ffmpeg-4.3.1-1.5.4-android-x86_64.jar:/home/busra/.m2/repository/org/bytedeco/ffmpeg/4.3.1-1.5.4/ffmpeg-4.3.1-1.5.4-linux-x86.jar:/home/busra/.m2/repository/org/bytedeco/ffmpeg/4.3.1-1.5.4/ffmpeg-4.3.1-1.5.4-linux-x86_64.jar:/home/busra/.m2/repository/org/bytedeco/ffmpeg/4.3.1-1.5.4/ffmpeg-4.3.1-1.5.4-linux-armhf.jar:/home/busra/.m2/repository/org/bytedeco/ffmpeg/4.3.1-1.5.4/ffmpeg-4.3.1-1.5.4-linux-arm64.jar:/home/busra/.m2/repository/org/bytedeco/ffmpeg/4.3.1-1.5.4/ffmpeg-4.3.1-1.5.4-linux-ppc64le.jar:/home/busra/.m2/repository/org/bytedeco/ffmpeg/4.3.1-1.5.4/ffmpeg-4.3.1-1.5.4-macosx-x86_64.jar:/home/busra/.m2/repository/org/bytedeco/ffmpeg/4.3.1-1.5.4/ffmpeg-4.3.1-1.5.4-windows-x86.jar:/home/busra/.m2/repository/org/bytedeco/ffmpeg/4.3.1-1.5.4/ffmpeg-4.3.1-1.5.4-windows-x86_64.jar:/home/busra/.m2/repository/junit/junit/4.11/junit-4.11.jar:/home/busra/.m2/repository/org/hamcrest/hamcrest-core/1.3/hamcrest-core-1.3.jar:"/>
    <property name="java.vm.vendor" value="Ubuntu"/>
    <property name="sun.arch.data.model" value="64"/>
    <property name="java.vendor.url" value="https://ubuntu.com/"/>
    <property name="user.timezone" value=""/>
    <property name="java.vm.specification.version" value="11"/>
    <property name="os.name" value="Linux"/>
    <property name="sun.java.launcher" value="SUN_STANDARD"/>
    <property name="user.country" value="TR"/>
    <property name="sun.boot.library.path" value="/usr/lib/jvm/java-11-openjdk-amd64/lib"/>
    <property name="sun.java.command" value="/home/busra/Masaüstü/Transmux_2/my-app/target/surefire/surefirebooter2149956321088403395.jar /home/busra/Masaüstü/Transmux_2/my-app/target/surefire 2020-12-16T17-10-08_963-jvmRun1 surefire4700242552764902382tmp surefire_02365265056520385111tmp"/>
    <property name="jdk.debug" value="release"/>
    <property name="surefire.test.class.path" value="/home/busra/Masaüstü/Transmux_2/my-app/target/test-classes:/home/busra/Masaüstü/Transmux_2/my-app/target/classes:/home/busra/.m2/repository/org/bytedeco/ffmpeg-platform/4.3.1-1.5.4/ffmpeg-platform-4.3.1-1.5.4.jar:/home/busra/.m2/repository/org/bytedeco/javacpp-platform/1.5.4/javacpp-platform-1.5.4.jar:/home/busra/.m2/repository/org/bytedeco/javacpp/1.5.4/javacpp-1.5.4.jar:/home/busra/.m2/repository/org/bytedeco/javacpp/1.5.4/javacpp-1.5.4-android-arm.jar:/home/busra/.m2/repository/org/bytedeco/javacpp/1.5.4/javacpp-1.5.4-android-arm64.jar:/home/busra/.m2/repository/org/bytedeco/javacpp/1.5.4/javacpp-1.5.4-android-x86.jar:/home/busra/.m2/repository/org/bytedeco/javacpp/1.5.4/javacpp-1.5.4-android-x86_64.jar:/home/busra/.m2/repository/org/bytedeco/javacpp/1.5.4/javacpp-1.5.4-ios-arm64.jar:/home/busra/.m2/repository/org/bytedeco/javacpp/1.5.4/javacpp-1.5.4-ios-x86_64.jar:/home/busra/.m2/repository/org/bytedeco/javacpp/1.5.4/javacpp-1.5.4-linux-armhf.jar:/home/busra/.m2/repository/org/bytedeco/javacpp/1.5.4/javacpp-1.5.4-linux-arm64.jar:/home/busra/.m2/repository/org/bytedeco/javacpp/1.5.4/javacpp-1.5.4-linux-ppc64le.jar:/home/busra/.m2/repository/org/bytedeco/javacpp/1.5.4/javacpp-1.5.4-linux-x86.jar:/home/busra/.m2/repository/org/bytedeco/javacpp/1.5.4/javacpp-1.5.4-linux-x86_64.jar:/home/busra/.m2/repository/org/bytedeco/javacpp/1.5.4/javacpp-1.5.4-macosx-x86_64.jar:/home/busra/.m2/repository/org/bytedeco/javacpp/1.5.4/javacpp-1.5.4-windows-x86.jar:/home/busra/.m2/repository/org/bytedeco/javacpp/1.5.4/javacpp-1.5.4-windows-x86_64.jar:/home/busra/.m2/repository/org/bytedeco/ffmpeg/4.3.1-1.5.4/ffmpeg-4.3.1-1.5.4.jar:/home/busra/.m2/repository/org/bytedeco/ffmpeg/4.3.1-1.5.4/ffmpeg-4.3.1-1.5.4-android-arm.jar:/home/busra/.m2/repository/org/bytedeco/ffmpeg/4.3.1-1.5.4/ffmpeg-4.3.1-1.5.4-android-arm64.jar:/home/busra/.m2/repository/org/bytedeco/ffmpeg/4.3.1-1.5.4/ffmpeg-4.3.1-1.5.4-android-x86.jar:/home/busra/.m2/repository/org/bytedeco/ffmpeg/4.3.1-1.5.4/ffmpeg-4.3.1-1.5.4-android-x86_64.jar:/home/busra/.m2/repository/org/bytedeco/ffmpeg/4.3.1-1.5.4/ffmpeg-4.3.1-1.5.4-linux-x86.jar:/home/busra/.m2/repository/org/bytedeco/ffmpeg/4.3.1-1.5.4/ffmpeg-4.3.1-1.5.4-linux-x86_64.jar:/home/busra/.m2/repository/org/bytedeco/ffmpeg/4.3.1-1.5.4/ffmpeg-4.3.1-1.5.4-linux-armhf.jar:/home/busra/.m2/repository/org/bytedeco/ffmpeg/4.3.1-1.5.4/ffmpeg-4.3.1-1.5.4-linux-arm64.jar:/home/busra/.m2/repository/org/bytedeco/ffmpeg/4.3.1-1.5.4/ffmpeg-4.3.1-1.5.4-linux-ppc64le.jar:/home/busra/.m2/repository/org/bytedeco/ffmpeg/4.3.1-1.5.4/ffmpeg-4.3.1-1.5.4-macosx-x86_64.jar:/home/busra/.m2/repository/org/bytedeco/ffmpeg/4.3.1-1.5.4/ffmpeg-4.3.1-1.5.4-windows-x86.jar:/home/busra/.m2/repository/org/bytedeco/ffmpeg/4.3.1-1.5.4/ffmpeg-4.3.1-1.5.4-windows-x86_64.jar:/home/busra/.m2/repository/junit/junit/4.11/junit-4.11.jar:/home/busra/.m2/repository/org/hamcrest/hamcrest-core/1.3/hamcrest-core-1.3.jar:"/>
    <property name="sun.cpu.endian" value="little"/>
    <property name="user.home" value="/home/busra"/>
    <property name="user.language" value="tr"/>
    <property name="java.specification.vendor" value="Oracle Corporation"/>
    <property name="java.version.date" value="2020-11-04"/>
    <property name="java.home" value="/usr/lib/jvm/java-11-openjdk-amd64"/>
    <property name="file.separator" value="/"/>
    <property name="basedir" value="/home/busra/Masaüstü/Transmux_2/my-app"/>
    <property name="java.vm.compressedOopsMode" value="32-bit"/>
    <property name="line.separator" value="&#10;"/>
    <property name="java.specification.name" value="Java Platform API Specification"/>
    <property name="java.vm.specification.vendor" value="Oracle Corporation"/>
    <property name="java.awt.graphicsenv" value="sun.awt.X11GraphicsEnvironment"/>
    <property name="surefire.real.class.path" value="/home/busra/Masaüstü/Transmux_2/my-app/target/surefire/surefirebooter2149956321088403395.jar"/>
    <property name="sun.management.compiler" value="HotSpot 64-Bit Tiered Compilers"/>
    <property name="java.runtime.version" value="11.0.9.1+1-Ubuntu-0ubuntu1.20.04"/>
    <property name="user.name" value="busra"/>
    <property name="path.separator" value=":"/>
    <property name="os.version" value="5.4.0-58-generic"/>
    <property name="java.runtime.name" value="OpenJDK Runtime Environment"/>
    <property name="file.encoding" value="UTF-8"/>
    <property name="java.vm.name" value="OpenJDK 64-Bit Server VM"/>
    <property name="localRepository" value="/home/busra/.m2/repository"/>
    <property name="java.vendor.url.bug" value="https://bugs.launchpad.net/ubuntu/+source/openjdk-lts"/>
    <property name="java.io.tmpdir" value="/tmp"/>
    <property name="java.version" value="11.0.9.1"/>
    <property name="user.dir" value="/home/busra/Masaüstü/Transmux_2/my-app"/>
    <property name="os.arch" value="amd64"/>
    <property name="java.vm.specification.name" value="Java Virtual Machine Specification"/>
    <property name="java.awt.printerjob" value="sun.print.PSPrinterJob"/>
    <property name="sun.os.patch.level" value="unknown"/>
    <property name="java.library.path" value="/usr/java/packages/lib:/usr/lib/x86_64-linux-gnu/jni:/lib/x86_64-linux-gnu:/usr/lib/x86_64-linux-gnu:/usr/lib/jni:/lib:/usr/lib"/>
    <property name="java.vm.info" value="mixed mode, sharing"/>
    <property name="java.vendor" value="Ubuntu"/>
    <property name="java.vm.version" value="11.0.9.1+1-Ubuntu-0ubuntu1.20.04"/>
    <property name="sun.io.unicode.encoding" value="UnicodeLittle"/>
    <property name="java.class.version" value="55.0"/>
  </properties>
  <testcase name="shouldAnswerWithTrue" classname="com.mycompany.app.AppTest" time="0.007"/>
</testsuite>